<?xml version="1.0" encoding="UTF-8"?>
<robot generator="Robot 3.1.2 (Python 3.7.4 on win32)" generated="20190930 09:58:54.537" rpa="false">
<suite id="s1" name="TestSuite1" source="C:\Users\ramd\Desktop\workspace\eclipse_2018\RobotProject1\test\TestSuite1.robot">
<kw name="Log" library="BuiltIn" type="setup">
<doc>Logs the given message with the given level.</doc>
<arguments>
<arg>I am inside Test Suite Setup</arg>
</arguments>
<msg timestamp="20190930 09:58:54.698" level="INFO">I am inside Test Suite Setup</msg>
<status status="PASS" starttime="20190930 09:58:54.698" endtime="20190930 09:58:54.698"></status>
</kw>
<test id="s1-t1" name="MyFirstTest">
<kw name="Log" library="BuiltIn" type="setup">
<doc>Logs the given message with the given level.</doc>
<arguments>
<arg>I am inside Test Setup</arg>
</arguments>
<msg timestamp="20190930 09:58:54.699" level="INFO">I am inside Test Setup</msg>
<status status="PASS" starttime="20190930 09:58:54.699" endtime="20190930 09:58:54.699"></status>
</kw>
<kw name="Log" library="BuiltIn">
<doc>Logs the given message with the given level.</doc>
<arguments>
<arg>Hello World...</arg>
</arguments>
<msg timestamp="20190930 09:58:54.699" level="INFO">Hello World...</msg>
<status status="PASS" starttime="20190930 09:58:54.699" endtime="20190930 09:58:54.699"></status>
</kw>
<kw name="Log" library="BuiltIn" type="teardown">
<doc>Logs the given message with the given level.</doc>
<arguments>
<arg>I am inside Test Teardown</arg>
</arguments>
<msg timestamp="20190930 09:58:54.699" level="INFO">I am inside Test Teardown</msg>
<status status="PASS" starttime="20190930 09:58:54.699" endtime="20190930 09:58:54.699"></status>
</kw>
<tags>
<tag>smoke</tag>
</tags>
<status status="PASS" starttime="20190930 09:58:54.698" endtime="20190930 09:58:54.699" critical="yes"></status>
</test>
<test id="s1-t2" name="MySecondTest">
<kw name="Log" library="BuiltIn" type="setup">
<doc>Logs the given message with the given level.</doc>
<arguments>
<arg>I am inside Test Setup</arg>
</arguments>
<msg timestamp="20190930 09:58:54.700" level="INFO">I am inside Test Setup</msg>
<status status="PASS" starttime="20190930 09:58:54.700" endtime="20190930 09:58:54.700"></status>
</kw>
<kw name="Log" library="BuiltIn">
<doc>Logs the given message with the given level.</doc>
<arguments>
<arg>I am inside second test</arg>
</arguments>
<msg timestamp="20190930 09:58:54.700" level="INFO">I am inside second test</msg>
<status status="PASS" starttime="20190930 09:58:54.700" endtime="20190930 09:58:54.700"></status>
</kw>
<kw name="Set Tags" library="BuiltIn">
<doc>Adds given ``tags`` for the current test or all tests in a suite.</doc>
<arguments>
<arg>reggresion1</arg>
</arguments>
<msg timestamp="20190930 09:58:54.700" level="INFO">Set tag 'reggresion1'.</msg>
<status status="PASS" starttime="20190930 09:58:54.700" endtime="20190930 09:58:54.700"></status>
</kw>
<kw name="Remove Tags" library="BuiltIn">
<doc>Removes given ``tags`` from the current test or all tests in a suite.</doc>
<arguments>
<arg>reggresion1</arg>
</arguments>
<msg timestamp="20190930 09:58:54.701" level="INFO">Removed tag 'reggresion1'.</msg>
<status status="PASS" starttime="20190930 09:58:54.700" endtime="20190930 09:58:54.701"></status>
</kw>
<kw name="Log" library="BuiltIn" type="teardown">
<doc>Logs the given message with the given level.</doc>
<arguments>
<arg>I am inside Test Teardown</arg>
</arguments>
<msg timestamp="20190930 09:58:54.701" level="INFO">I am inside Test Teardown</msg>
<status status="PASS" starttime="20190930 09:58:54.701" endtime="20190930 09:58:54.701"></status>
</kw>
<tags>
<tag>example</tag>
</tags>
<status status="PASS" starttime="20190930 09:58:54.699" endtime="20190930 09:58:54.701" critical="yes"></status>
</test>
<kw name="Log" library="BuiltIn" type="teardown">
<doc>Logs the given message with the given level.</doc>
<arguments>
<arg>I am inside Test Suite Teardown</arg>
</arguments>
<msg timestamp="20190930 09:58:54.701" level="INFO">I am inside Test Suite Teardown</msg>
<status status="PASS" starttime="20190930 09:58:54.701" endtime="20190930 09:58:54.701"></status>
</kw>
<status status="PASS" starttime="20190930 09:58:54.538" endtime="20190930 09:58:54.701"></status>
</suite>
<statistics>
<total>
<stat pass="2" fail="0">Critical Tests</stat>
<stat pass="2" fail="0">All Tests</stat>
</total>
<tag>
<stat pass="1" fail="0">example</stat>
<stat pass="1" fail="0">smoke</stat>
</tag>
<suite>
<stat pass="2" fail="0" id="s1" name="TestSuite1">TestSuite1</stat>
</suite>
</statistics>
<errors>
</errors>
</robot>
